<?xml version="1.0" encoding="UTF-8"?>
<!-- Generated by org.testng.reporters.JUnitReportReporter -->
<testsuite hostname="QSP" failures="0" tests="1" name="scripts.Test2" time="0.010" errors="0" timestamp="2022-04-22T07:12:49 IST" skipped="0">
  <testcase classname="scripts.Test2" name="tc2" time="0.010"/>
  <system-out>
Hello selenium  </system-out>
</testsuite> <!-- scripts.Test2 -->
