<?xml version="1.0" encoding="UTF-8"?>
<!-- Generated by org.testng.reporters.JUnitReportReporter -->
<testsuite hostname="QSP" failures="0" tests="1" name="scripts.Test3" time="0.034" errors="0" timestamp="2022-03-19T06:31:29 IST" skipped="0">
  <testcase classname="scripts.Test3" name="tc3" time="0.034"/>
  <system-out>
Hello python  </system-out>
</testsuite> <!-- scripts.Test3 -->
