<?xml version="1.0" encoding="UTF-8"?>
<!-- Generated by org.testng.reporters.JUnitReportReporter -->
<testsuite hostname="QSP" failures="0" tests="1" name="scripts.Test1" time="0.008" errors="0" timestamp="2022-03-19T06:31:29 IST" skipped="0">
  <testcase classname="scripts.Test1" name="demo" time="0.008"/>
  <system-out>
Hello java  </system-out>
</testsuite> <!-- scripts.Test1 -->
