<?xml version="1.0" encoding="UTF-8"?>
<!-- Generated by org.testng.reporters.JUnitReportReporter -->
<testsuite hostname="QSP" failures="0" tests="1" name="scripts.Test1" time="0.003" errors="0" timestamp="2022-04-22T07:12:49 IST" skipped="0">
  <testcase classname="scripts.Test1" name="demo" time="0.003"/>
  <system-out>
Hello java  </system-out>
</testsuite> <!-- scripts.Test1 -->
