<?xml version="1.0" encoding="UTF-8"?>
<!-- Generated by org.testng.reporters.JUnitReportReporter -->
<testsuite hostname="QSP" failures="0" tests="1" name="scripts.Test4" time="0.009" errors="0" timestamp="2022-04-22T07:12:49 IST" skipped="0">
  <testcase classname="scripts.Test4" name="tc4" time="0.009"/>
  <system-out>
Hello appium  </system-out>
</testsuite> <!-- scripts.Test4 -->
